/home/ln/.conda/envs/Libramil/lib/python3.10/site-packages/timm/models/layers/__init__.py:49: FutureWarning: Importing from timm.models.layers is deprecated, please import via timm.layers
  warnings.warn(f"Importing from {__name__} is deprecated, please import via timm.layers", FutureWarning)
/mnt/sda1/ln_workspace/CONCH/conch/open_clip_custom/factory.py:18: FutureWarning: You are using `torch.load` with `weights_only=False` (the current default value), which uses the default pickle module implicitly. It is possible to construct malicious pickle data which will execute arbitrary code during unpickling (See https://github.com/pytorch/pytorch/blob/main/SECURITY.md#untrusted-models for more details). In a future release, the default value for `weights_only` will be flipped to `True`. This limits the functions that could be executed during unpickling. Arbitrary objects will no longer be allowed to be loaded via this mode unless they are explicitly allowlisted by the user via `torch.serialization.add_safe_globals`. We recommend you start setting `weights_only=True` for any use case where you don't have full control of the loaded file. Please open an issue on GitHub for any issues related to this experimental feature.
  checkpoint = torch.load(checkpoint_path, map_location=map_location)
  TCGA-KICH: 91 个SVS文件
  TCGA-KIRC: 229 个SVS文件
  TCGA-KIRP: 229 个SVS文件

总共 549 个SVS文件

============================================================
数据集: TCGA-KICH
SVS文件数: 91
切片目录: /mnt/sda2/WSI/muti-modal/TCGA-RCC-fea/patches/TCGA-KICH
特征目录: /mnt/sda2/WSI/muti-modal/TCGA-RCC-fea/features/TCGA-KICH
============================================================
============================================================
初始化CLAM + CONCH特征提取器
  Patch大小: 512x512
  设备: cuda
============================================================
加载CONCH模型...
CONCH模型加载完成!

[1/91] 跳过: TCGA-KM-8639-01Z-00-DX1.13E1C61C-16F6-4FC5-B1D2-DDBF7DE16639

[2/91] 跳过: TCGA-KO-8403-01Z-00-DX1.47C5A937-3397-4313-BE8B-0C6E4B12C301

[3/91] 跳过: TCGA-KO-8406-01Z-00-DX1.F9FDAB2C-9EEC-41D0-A29C-530107B96AC2

[4/91] 跳过: TCGA-KM-A7QA-01Z-00-DX1.971BE7D3-6E83-44C9-AFC4-50FE85E9C982

[5/91] 跳过: TCGA-UW-A72P-01Z-00-DX1.B16A8F4B-6E8E-4642-AEEF-EBD0613C372D

[6/91] 跳过: TCGA-KN-8437-01Z-00-DX1.573F2559-097F-4A87-9AB6-55BF2FEB724F

[7/91] 跳过: TCGA-KL-8327-01Z-00-DX1.f3009cdc-baf7-45ba-95a6-1b6311799cc8

[8/91] 跳过: TCGA-KM-A7QD-01Z-00-DX1.E1FCB533-0017-4A90-9835-6CD26FEA30CA

[9/91] 跳过: TCGA-KM-8443-01Z-00-DX1.A97D876A-6453-4335-B805-C54529D3915F

[10/91] 跳过: TCGA-UW-A72S-01Z-00-DX1.EA180EA6-ADD1-4ECC-89D8-082B185AC2B4

[11/91] 跳过: TCGA-KO-8411-01Z-00-DX1.57A47A81-003C-4F34-B8FA-D1313114892F

[12/91] 跳过: TCGA-KL-8329-01Z-00-DX1.6c9000ef-34ff-4e44-84b3-755a868f6a4e

[13/91] 跳过: TCGA-KL-8328-01Z-00-DX1.497ddcb5-0436-4c76-a633-4744e24e6efe

[14/91] 跳过: TCGA-KO-8415-01Z-00-DX1.CB5F5330-C4E6-4ABB-B9A5-92F94EF23837

[15/91] 跳过: TCGA-KN-8436-01Z-00-DX1.0CCCF11D-ED0E-4575-8F25-813415391524

[16/91] 跳过: TCGA-KN-8424-01Z-00-DX1.4EC063E2-A058-4610-9B47-FCE2172955B6

[17/91] 跳过: TCGA-KL-8333-01Z-00-DX1.830e3f78-ba43-4b42-b2b5-f3be10d2b781

[18/91] 跳过: TCGA-KL-8342-01Z-00-DX1.a0dac779-03d7-4041-9e56-b33e548d5567

[19/91] 跳过: TCGA-KN-8433-01Z-00-DX1.4AE64138-3E04-46AC-B905-52CB71261230

[20/91] 跳过: TCGA-KM-A7QG-01Z-00-DX1.7275EEF1-1D4E-4471-89C3-5B99EC03515E

[21/91] 跳过: TCGA-KL-8345-01Z-00-DX1.e6265e77-7c45-4e54-a703-6d2013aba525

[22/91] 跳过: TCGA-KM-8440-01Z-00-DX1.528E053C-E8A4-464F-BE47-412836B1C31B

[23/91] 跳过: TCGA-KL-8334-01Z-00-DX1.bc0857e2-938f-497a-ab63-38bc87e1af30

[24/91] 跳过: TCGA-KL-8325-01Z-00-DX1.330bdb6c-86ee-4577-9846-298080b4c2ad

[25/91] 跳过: TCGA-NP-A5H7-01Z-00-DX1.3AEF89FD-4E13-433C-85D8-C8F9F9EA9EF3

[26/91] 跳过: TCGA-NP-A5GZ-01Z-00-DX1.07B19B85-A1CE-4AF2-B3E2-C86D11FAC907

[27/91] 跳过: TCGA-KM-A7QK-01Z-00-DX1.8D69EA34-F28A-4267-8A82-159FB2B7008B

[28/91] 跳过: TCGA-UW-A72L-01Z-00-DX1.0A459BE8-D799-441D-85C0-B02AF6EDC806

[29/91] 跳过: TCGA-KO-8407-01Z-00-DX1.4EB39EA8-2A33-48E1-88A6-EE3B544249AB

[30/91] 跳过: TCGA-UW-A72R-01Z-00-DX1.0D9559B0-80C4-42BA-9461-F92792F0FC0F

[31/91] 跳过: TCGA-KL-8340-01Z-00-DX1.85fe33f4-87d5-4e36-9389-d093cde30f80

[32/91] 跳过: TCGA-KM-A7QC-01Z-00-DX1.4B44EEAA-FA1C-47F9-852F-68EE45E09D5E

[33/91] 跳过: TCGA-KM-A7QJ-01Z-00-DX1.5011C41F-4385-4AB2-8AFE-5409125EDC31

[34/91] 跳过: TCGA-KL-8324-01Z-00-DX1.d99a7299-8f9b-4881-8324-50ed2d63358c

[35/91] 跳过: TCGA-UW-A72O-01Z-00-DX1.755C4693-A9CE-48E7-A76B-DAECEE850D35

[36/91] 跳过: TCGA-KL-8344-01Z-00-DX1.fdcc3157-799f-42ed-99dc-b13d381d9230

[37/91] 跳过: TCGA-UW-A72M-01Z-00-DX1.D2F473F4-24A1-4F02-B02E-C5A0390F0C8F

[38/91] 跳过: TCGA-UW-A72H-01Z-00-DX1.25A52BAA-4000-4AC7-9B93-9D9790C8834A

[39/91] 跳过: TCGA-KL-8336-01Z-00-DX1.bfba9373-efa8-4573-8ee6-8ac961f0b65a

[40/91] 跳过: TCGA-KM-8476-01Z-00-DX1.BDC7C35E-1B36-4CF6-9CF0-B63C68724EF2

[41/91] 跳过: TCGA-KO-8410-01Z-00-DX1.95A5FA25-6C01-478E-8CAB-20DF56E8D01C

[42/91] 跳过: TCGA-KM-8477-01Z-00-DX1.5419F74B-EE1C-47C3-A5A7-B22768E613A8

[43/91] 跳过: TCGA-KN-8432-01Z-00-DX1.D4136A31-C2DC-432C-96FB-FD5EE47ECC0D

[44/91] 跳过: TCGA-KN-8423-01Z-00-DX1.EE5F8790-38EB-437F-9C5A-BC6FB58F6ACD

[45/91] 跳过: TCGA-KL-8330-01Z-00-DX1.30a61e5b-9379-498a-9aa4-60fd7a3a2f32

[46/91] 跳过: TCGA-KL-8343-01Z-00-DX1.e5aeff79-6d98-4c53-923e-a8fe204fbb43

[47/91] 跳过: TCGA-KN-8425-01Z-00-DX1.1D2AB7D2-6AC3-4785-9FBC-40AEED5DE558

[48/91] 跳过: TCGA-KN-8428-01Z-00-DX1.CA71B178-286E-4EDF-9B37-1D2CEE07F9F4

[49/91] 跳过: TCGA-KL-8323-01Z-00-DX1.01d72f6a-cc87-4082-8af4-738250ec4d9c

[50/91] 跳过: TCGA-UW-A72K-01Z-00-DX1.F1E38D60-26AA-4D0E-8738-7711611D10D6

[51/91] 跳过: TCGA-KM-A7QB-01Z-00-DX1.CC441A0F-8A5C-4406-8A8D-86CB62E7B114

[52/91] 跳过: TCGA-KL-8326-01Z-00-DX1.0fe86143-728f-4447-98a5-4a6d87ef398b

[53/91] 跳过: TCGA-UW-A72I-01Z-00-DX1.EAA44029-3390-4AEF-8B86-E4A1F64E486C

[54/91] 跳过: TCGA-KL-8337-01Z-00-DX1.78306056-304b-44c3-87cd-46d3785b7204

[55/91] 跳过: TCGA-KL-8346-01Z-00-DX1.af2fc9c2-98b7-471f-9777-08c7cc8c734e

[56/91] 跳过: TCGA-KM-8439-01Z-00-DX1.F99904A8-21AB-476A-BFE5-B8FAB44FEB4D

[57/91] 跳过: TCGA-UW-A72T-01Z-00-DX1.1F6EC843-0D4C-4231-99D2-82174C9FF94D

[58/91] 跳过: TCGA-KM-8442-01Z-00-DX1.46835CE2-819D-4887-9633-422BC9F5E366

[59/91] 跳过: TCGA-KO-8414-01Z-00-DX1.F827AA8C-3A50-4697-9788-98A3D87BCE52

[60/91] 跳过: TCGA-KM-8441-01Z-00-DX1.D2CA0ADE-7EDF-49A6-989C-2761F1CFE340

[61/91] 跳过: TCGA-KN-8418-01Z-00-DX1.376DD52D-EF98-4564-B8E3-FE4D219A5C88

[62/91] 跳过: TCGA-KO-8408-01Z-00-DX1.4D45F809-E93A-4221-832A-97C3A4B4E30C

[63/91] 跳过: TCGA-KL-8341-01Z-00-DX1.eb0da21c-75f5-4de5-a753-12666eff0030

[64/91] 跳过: TCGA-NP-A5H6-01Z-00-DX1.49B2A361-7BCD-4321-8372-8BAB636E812F

[65/91] 跳过: TCGA-KO-8413-01Z-00-DX1.592BC1BB-35B9-4CE1-ACD2-76DD4C4FE7A4

[66/91] 跳过: TCGA-UW-A72Q-01Z-00-DX1.6EEF0E01-E576-4DCA-B613-451D0079EB13

[67/91] 跳过: TCGA-KN-8421-01Z-00-DX1.A90EB3F7-DE68-4078-BB5B-B35561F96071

[68/91] 跳过: TCGA-KO-8405-01Z-00-DX1.DB2F9FFE-B562-4D52-A4DF-E939DE99B5F7

[69/91] 跳过: TCGA-KL-8331-01Z-00-DX1.3c39f9b9-b639-4bca-a415-bf7427ea2ba5

[70/91] 跳过: TCGA-KL-8338-01Z-00-DX1.c3febc9e-8adc-49e0-9ce1-9d2dcc79c09c

[71/91] 跳过: TCGA-KM-A7QL-01Z-00-DX1.2447532C-3635-4F36-952E-F5A5A566A7DB

[72/91] 跳过: TCGA-NP-A5H5-01Z-00-DX1.E6434A29-9182-4476-9E89-62B9C8EABC5B

[73/91] 跳过: TCGA-KL-8332-01Z-00-DX1.3a375f5f-38e4-4022-8b36-5d8547870417

[74/91] 跳过: TCGA-KM-A7QE-01Z-00-DX1.82CBD529-FBB8-4969-A6E0-B563F0C9D73B

[75/91] 跳过: TCGA-NP-A5B3-01Z-00-DX1.6DE4C2C4-E135-4117-864D-2A477D6FDB86

[76/91] 跳过: TCGA-KL-8339-01Z-00-DX1.5826ea77-f0a1-4b47-acd7-62a6ba878dec

[77/91] 跳过: TCGA-KN-8419-01Z-00-DX1.15311E57-CCC5-4D15-88DC-0ED9FD2CF2D0

[78/91] 跳过: TCGA-UW-A72N-01Z-00-DX1.458F977B-AA32-4073-BDC6-FCAD44C6B83D

[79/91] 跳过: TCGA-KO-8416-01Z-00-DX1.AA58FA3E-02A6-4696-A4F6-2B11C5B0C0E8

[80/91] 跳过: TCGA-KN-8435-01Z-00-DX1.99219621-93BA-448B-8AFE-AEECA888BDA4

[81/91] 跳过: TCGA-KO-8417-01Z-00-DX1.E145D87F-24DC-4336-98BD-2D142079D73D

[82/91] 跳过: TCGA-UW-A72J-01Z-00-DX1.B62772BA-DC29-40C9-B5C8-AC47AFA0437D

[83/91] 跳过: TCGA-KN-8431-01Z-00-DX1.BAEA4392-5CD8-4B28-8A47-E9DCE88F5820

[84/91] 跳过: TCGA-KO-8409-01Z-00-DX1.C73F6879-81C2-4D2D-9673-4989AADB568D

[85/91] 跳过: TCGA-KM-8438-01Z-00-DX1.1106521B-3563-43AA-8971-18560BAC51C4

[86/91] 跳过: TCGA-KN-8434-01Z-00-DX1.EC2C42B5-DB0D-44A3-8224-E982201AE337

[87/91] 跳过: TCGA-KN-8422-01Z-00-DX1.26F9BF86-6D2C-4C99-BFEB-A3708AD48734

[88/91] 跳过: TCGA-KN-8429-01Z-00-DX1.473181A7-5F6A-4B68-B6E0-44EF34F67DA0

[89/91] 跳过: TCGA-KL-8335-01Z-00-DX1.3F291515-CD98-4D8F-A255-A10A69139242

[90/91] 跳过: TCGA-KO-8404-01Z-00-DX1.0285FDDF-1C75-4DF3-BD59-285870B73B88

[91/91] 跳过: TCGA-KM-A7QH-01Z-00-DX1.8CBB8760-A00D-4289-AD09-959FEC2EC03C

============================================================
数据集: TCGA-KIRC
SVS文件数: 229
切片目录: /mnt/sda2/WSI/muti-modal/TCGA-RCC-fea/patches/TCGA-KIRC
特征目录: /mnt/sda2/WSI/muti-modal/TCGA-RCC-fea/features/TCGA-KIRC
============================================================

[1/229] 跳过: TCGA-B0-5695-01Z-00-DX1.60ef3025-1240-4d7d-b73f-28b27fa094d8

[2/229] 跳过: TCGA-B8-4153-01Z-00-DX1.55bba0a1-79c2-475d-ae98-81a17d832ba6

[3/229] 跳过: TCGA-B0-5113-01Z-00-DX1.db0ceba9-8e15-4308-bd78-dc587f5606a0

[4/229] 跳过: TCGA-CJ-4907-01Z-00-DX1.12558019-745F-4EDF-A0A2-3228B475379F

[5/229] 跳过: TCGA-B0-4707-01Z-00-DX1.861325d7-cd42-4564-87f7-53deccc410d8

[6/229] 处理: TCGA-B0-5399-01Z-00-DX1.2b8db692-a777-46d2-bfef-ac889bd957aa
  切片文件已存在: /mnt/sda2/WSI/muti-modal/TCGA-RCC-fea/patches/TCGA-KIRC/TCGA-B0-5399-01Z-00-DX1.2b8db692-a777-46d2-bfef-ac889bd957aa.h5
  坐标数: 27172, patch_size=512, level=0
  提取特征:   0%|          | 0/54 [00:00<?, ?it/s]  提取特征:   2%|▏         | 1/54 [00:07<06:45,  7.64s/it]  提取特征:   4%|▎         | 2/54 [00:14<06:21,  7.33s/it]  提取特征:   6%|▌         | 3/54 [00:21<06:07,  7.21s/it]  提取特征:   7%|▋         | 4/54 [00:28<05:57,  7.15s/it]  提取特征:   9%|▉         | 5/54 [00:35<05:49,  7.13s/it]  提取特征:  11%|█         | 6/54 [00:43<05:41,  7.12s/it]  提取特征:  13%|█▎        | 7/54 [00:50<05:33,  7.10s/it]  提取特征:  15%|█▍        | 8/54 [00:57<05:26,  7.10s/it]  提取特征:  17%|█▋        | 9/54 [01:04<05:20,  7.12s/it]  提取特征:  19%|█▊        | 10/54 [01:11<05:13,  7.12s/it]  提取特征:  20%|██        | 11/54 [01:18<05:06,  7.12s/it]  提取特征:  22%|██▏       | 12/54 [01:25<04:59,  7.12s/it]  提取特征:  24%|██▍       | 13/54 [01:32<04:52,  7.13s/it]  提取特征:  26%|██▌       | 14/54 [01:40<04:45,  7.14s/it]  提取特征:  28%|██▊       | 15/54 [01:47<04:42,  7.25s/it]  提取特征:  30%|██▉       | 16/54 [01:54<04:34,  7.21s/it]  提取特征:  31%|███▏      | 17/54 [02:01<04:25,  7.19s/it]  提取特征:  33%|███▎      | 18/54 [02:08<04:17,  7.17s/it]  提取特征:  35%|███▌      | 19/54 [02:16<04:12,  7.21s/it]